2025/09/19 01:46:23 [emerg] 1#1: "events" directive is not allowed here in /etc/nginx/conf.d/default.conf:1
2025/09/19 01:48:39 [notice] 1#1: using the "epoll" event method
2025/09/19 01:48:39 [notice] 1#1: nginx/1.29.1
2025/09/19 01:48:39 [notice] 1#1: built by gcc 12.2.0 (Debian 12.2.0-14+deb12u1) 
2025/09/19 01:48:39 [notice] 1#1: OS: Linux 6.6.87.2-microsoft-standard-WSL2
2025/09/19 01:48:39 [notice] 1#1: getrlimit(RLIMIT_NOFILE): 1048576:1048576
2025/09/19 01:48:39 [notice] 1#1: start worker processes
2025/09/19 01:48:39 [notice] 1#1: start worker process 28
2025/09/19 01:48:39 [notice] 1#1: start worker process 29
2025/09/19 01:48:39 [notice] 1#1: start worker process 30
2025/09/19 01:48:39 [notice] 1#1: start worker process 31
2025/09/19 01:55:42 [notice] 1#1: signal 3 (SIGQUIT) received, shutting down
2025/09/19 01:55:42 [notice] 28#28: gracefully shutting down
2025/09/19 01:55:42 [notice] 29#29: gracefully shutting down
2025/09/19 01:55:42 [notice] 30#30: gracefully shutting down
2025/09/19 01:55:42 [notice] 31#31: gracefully shutting down
2025/09/19 01:55:42 [notice] 28#28: exiting
2025/09/19 01:55:42 [notice] 29#29: exiting
2025/09/19 01:55:42 [notice] 30#30: exiting
2025/09/19 01:55:42 [notice] 31#31: exiting
2025/09/19 01:55:42 [notice] 28#28: exit
2025/09/19 01:55:42 [notice] 29#29: exit
2025/09/19 01:55:42 [notice] 30#30: exit
2025/09/19 01:55:42 [notice] 31#31: exit
2025/09/19 01:55:42 [notice] 1#1: signal 17 (SIGCHLD) received from 28
2025/09/19 01:55:42 [notice] 1#1: worker process 28 exited with code 0
2025/09/19 01:55:42 [notice] 1#1: signal 29 (SIGIO) received
2025/09/19 01:55:42 [notice] 1#1: signal 17 (SIGCHLD) received from 31
2025/09/19 01:55:42 [notice] 1#1: worker process 31 exited with code 0
2025/09/19 01:55:42 [notice] 1#1: signal 29 (SIGIO) received
2025/09/19 01:55:42 [notice] 1#1: signal 17 (SIGCHLD) received from 30
2025/09/19 01:55:42 [notice] 1#1: worker process 30 exited with code 0
2025/09/19 01:55:42 [notice] 1#1: signal 29 (SIGIO) received
2025/09/19 01:55:42 [notice] 1#1: signal 17 (SIGCHLD) received from 29
2025/09/19 01:55:42 [notice] 1#1: worker process 29 exited with code 0
2025/09/19 01:55:42 [notice] 1#1: exit
2025/09/19 01:55:54 [notice] 1#1: using the "epoll" event method
2025/09/19 01:55:54 [notice] 1#1: nginx/1.29.1
2025/09/19 01:55:54 [notice] 1#1: built by gcc 12.2.0 (Debian 12.2.0-14+deb12u1) 
2025/09/19 01:55:54 [notice] 1#1: OS: Linux 6.6.87.2-microsoft-standard-WSL2
2025/09/19 01:55:54 [notice] 1#1: getrlimit(RLIMIT_NOFILE): 1048576:1048576
2025/09/19 01:55:54 [notice] 1#1: start worker processes
2025/09/19 01:55:54 [notice] 1#1: start worker process 28
2025/09/19 01:55:54 [notice] 1#1: start worker process 29
2025/09/19 01:55:54 [notice] 1#1: start worker process 30
2025/09/19 01:55:54 [notice] 1#1: start worker process 31
2025/09/19 01:56:20 [error] 28#28: *1 connect() failed (111: Connection refused) while connecting to upstream, client: 172.20.0.1, server: *.kislap.test, request: "GET / HTTP/1.1", upstream: "http://172.20.0.20:5000/", host: "app.kislap.test"
2025/09/19 01:56:21 [error] 28#28: *1 connect() failed (111: Connection refused) while connecting to upstream, client: 172.20.0.1, server: *.kislap.test, request: "GET / HTTP/1.1", upstream: "http://172.20.0.20:5000/", host: "app.kislap.test"
2025/09/19 01:56:21 [error] 28#28: *1 connect() failed (111: Connection refused) while connecting to upstream, client: 172.20.0.1, server: *.kislap.test, request: "GET / HTTP/1.1", upstream: "http://172.20.0.20:5000/", host: "app.kislap.test"
2025/09/19 01:56:21 [error] 28#28: *1 connect() failed (111: Connection refused) while connecting to upstream, client: 172.20.0.1, server: *.kislap.test, request: "GET / HTTP/1.1", upstream: "http://172.20.0.20:5000/", host: "app.kislap.test"
2025/09/19 01:56:21 [error] 28#28: *1 connect() failed (111: Connection refused) while connecting to upstream, client: 172.20.0.1, server: *.kislap.test, request: "GET / HTTP/1.1", upstream: "http://172.20.0.20:5000/", host: "app.kislap.test"
2025/09/19 01:56:21 [error] 28#28: *1 connect() failed (111: Connection refused) while connecting to upstream, client: 172.20.0.1, server: *.kislap.test, request: "GET / HTTP/1.1", upstream: "http://172.20.0.20:5000/", host: "app.kislap.test"
2025/09/19 01:56:26 [error] 28#28: *1 connect() failed (111: Connection refused) while connecting to upstream, client: 172.20.0.1, server: *.kislap.test, request: "GET / HTTP/1.1", upstream: "http://172.20.0.20:5000/", host: "app.kislap.test"
2025/09/19 02:00:47 [notice] 1#1: signal 3 (SIGQUIT) received, shutting down
2025/09/19 02:00:47 [notice] 28#28: gracefully shutting down
2025/09/19 02:00:47 [notice] 29#29: gracefully shutting down
2025/09/19 02:00:47 [notice] 31#31: gracefully shutting down
2025/09/19 02:00:47 [notice] 30#30: gracefully shutting down
2025/09/19 02:00:47 [notice] 28#28: exiting
2025/09/19 02:00:47 [notice] 29#29: exiting
2025/09/19 02:00:47 [notice] 31#31: exiting
2025/09/19 02:00:47 [notice] 30#30: exiting
2025/09/19 02:00:47 [notice] 28#28: exit
2025/09/19 02:00:47 [notice] 29#29: exit
2025/09/19 02:00:47 [notice] 31#31: exit
2025/09/19 02:00:47 [notice] 30#30: exit
2025/09/19 02:00:47 [notice] 1#1: signal 17 (SIGCHLD) received from 30
2025/09/19 02:00:47 [notice] 1#1: worker process 29 exited with code 0
2025/09/19 02:00:47 [notice] 1#1: worker process 30 exited with code 0
2025/09/19 02:00:47 [notice] 1#1: worker process 31 exited with code 0
2025/09/19 02:00:47 [notice] 1#1: signal 29 (SIGIO) received
2025/09/19 02:00:47 [notice] 1#1: signal 17 (SIGCHLD) received from 28
2025/09/19 02:00:47 [notice] 1#1: worker process 28 exited with code 0
2025/09/19 02:00:47 [notice] 1#1: exit
2025/09/19 02:37:27 [emerg] 1#1: unexpected end of file, expecting "}" in /etc/nginx/conf.d/default.conf:24
2025/09/19 02:38:47 [emerg] 1#1: host not found in upstream "kislap_next" in /etc/nginx/conf.d/default.conf:6
2025/09/19 02:40:10 [notice] 1#1: using the "epoll" event method
2025/09/19 02:40:10 [notice] 1#1: nginx/1.29.1
2025/09/19 02:40:10 [notice] 1#1: built by gcc 12.2.0 (Debian 12.2.0-14+deb12u1) 
2025/09/19 02:40:10 [notice] 1#1: OS: Linux 6.6.87.2-microsoft-standard-WSL2
2025/09/19 02:40:10 [notice] 1#1: getrlimit(RLIMIT_NOFILE): 1048576:1048576
2025/09/19 02:40:10 [notice] 1#1: start worker processes
2025/09/19 02:40:10 [notice] 1#1: start worker process 28
2025/09/19 02:40:10 [notice] 1#1: start worker process 29
2025/09/19 02:40:10 [notice] 1#1: start worker process 30
2025/09/19 02:40:10 [notice] 1#1: start worker process 31
2025/09/19 02:40:18 [notice] 1#1: signal 3 (SIGQUIT) received, shutting down
2025/09/19 02:40:18 [notice] 29#29: gracefully shutting down
2025/09/19 02:40:18 [notice] 31#31: gracefully shutting down
2025/09/19 02:40:18 [notice] 28#28: gracefully shutting down
2025/09/19 02:40:18 [notice] 30#30: gracefully shutting down
2025/09/19 02:40:18 [notice] 29#29: exiting
2025/09/19 02:40:18 [notice] 31#31: exiting
2025/09/19 02:40:18 [notice] 28#28: exiting
2025/09/19 02:40:18 [notice] 30#30: exiting
2025/09/19 02:40:18 [notice] 29#29: exit
2025/09/19 02:40:18 [notice] 31#31: exit
2025/09/19 02:40:18 [notice] 28#28: exit
2025/09/19 02:40:18 [notice] 30#30: exit
2025/09/19 02:40:18 [notice] 1#1: signal 17 (SIGCHLD) received from 31
2025/09/19 02:40:18 [notice] 1#1: worker process 29 exited with code 0
2025/09/19 02:40:18 [notice] 1#1: worker process 30 exited with code 0
2025/09/19 02:40:18 [notice] 1#1: worker process 31 exited with code 0
2025/09/19 02:40:18 [notice] 1#1: signal 29 (SIGIO) received
2025/09/19 02:40:18 [notice] 1#1: signal 17 (SIGCHLD) received from 30
2025/09/19 02:40:18 [notice] 1#1: signal 17 (SIGCHLD) received from 28
2025/09/19 02:40:18 [notice] 1#1: worker process 28 exited with code 0
2025/09/19 02:40:18 [notice] 1#1: exit
2025/09/19 02:40:52 [notice] 1#1: using the "epoll" event method
2025/09/19 02:40:52 [notice] 1#1: nginx/1.29.1
2025/09/19 02:40:52 [notice] 1#1: built by gcc 12.2.0 (Debian 12.2.0-14+deb12u1) 
2025/09/19 02:40:52 [notice] 1#1: OS: Linux 6.6.87.2-microsoft-standard-WSL2
2025/09/19 02:40:52 [notice] 1#1: getrlimit(RLIMIT_NOFILE): 1048576:1048576
2025/09/19 02:40:52 [notice] 1#1: start worker processes
2025/09/19 02:40:52 [notice] 1#1: start worker process 28
2025/09/19 02:40:52 [notice] 1#1: start worker process 29
2025/09/19 02:40:52 [notice] 1#1: start worker process 30
2025/09/19 02:40:52 [notice] 1#1: start worker process 31
2025/09/19 03:16:08 [notice] 1#1: signal 3 (SIGQUIT) received, shutting down
2025/09/19 03:16:08 [notice] 28#28: gracefully shutting down
2025/09/19 03:16:08 [notice] 29#29: gracefully shutting down
2025/09/19 03:16:08 [notice] 31#31: gracefully shutting down
2025/09/19 03:16:08 [notice] 29#29: exiting
2025/09/19 03:16:08 [notice] 28#28: exiting
2025/09/19 03:16:08 [notice] 30#30: gracefully shutting down
2025/09/19 03:16:08 [notice] 29#29: exit
2025/09/19 03:16:08 [notice] 28#28: exit
2025/09/19 03:16:08 [notice] 31#31: exiting
2025/09/19 03:16:08 [notice] 31#31: exit
2025/09/19 03:16:08 [notice] 30#30: exiting
2025/09/19 03:16:08 [notice] 30#30: exit
2025/09/19 03:16:08 [notice] 1#1: signal 17 (SIGCHLD) received from 28
2025/09/19 03:16:08 [notice] 1#1: worker process 28 exited with code 0
2025/09/19 03:16:08 [notice] 1#1: worker process 29 exited with code 0
2025/09/19 03:16:08 [notice] 1#1: worker process 31 exited with code 0
2025/09/19 03:16:08 [notice] 1#1: signal 29 (SIGIO) received
2025/09/19 03:16:08 [notice] 1#1: signal 17 (SIGCHLD) received from 31
2025/09/19 03:16:08 [notice] 1#1: signal 17 (SIGCHLD) received from 30
2025/09/19 03:16:08 [notice] 1#1: worker process 30 exited with code 0
2025/09/19 03:16:08 [notice] 1#1: exit
2025/09/19 03:18:45 [notice] 1#1: using the "epoll" event method
2025/09/19 03:18:45 [notice] 1#1: nginx/1.29.1
2025/09/19 03:18:45 [notice] 1#1: built by gcc 12.2.0 (Debian 12.2.0-14+deb12u1) 
2025/09/19 03:18:45 [notice] 1#1: OS: Linux 6.6.87.2-microsoft-standard-WSL2
2025/09/19 03:18:45 [notice] 1#1: getrlimit(RLIMIT_NOFILE): 1048576:1048576
2025/09/19 03:18:45 [notice] 1#1: start worker processes
2025/09/19 03:18:45 [notice] 1#1: start worker process 28
2025/09/19 03:18:45 [notice] 1#1: start worker process 29
2025/09/19 03:18:45 [notice] 1#1: start worker process 30
2025/09/19 03:18:45 [notice] 1#1: start worker process 31
2025/09/19 03:20:05 [error] 29#29: *39 connect() failed (111: Connection refused) while connecting to upstream, client: 172.20.0.1, server: api.kislap.test, request: "GET / HTTP/1.1", upstream: "http://172.20.0.20:5000/", host: "api.kislap.test"
2025/09/19 03:20:05 [error] 29#29: *39 connect() failed (111: Connection refused) while connecting to upstream, client: 172.20.0.1, server: api.kislap.test, request: "GET /favicon.ico HTTP/1.1", upstream: "http://172.20.0.20:5000/favicon.ico", host: "api.kislap.test", referrer: "http://api.kislap.test/"
2025/09/19 03:20:08 [error] 29#29: *39 connect() failed (111: Connection refused) while connecting to upstream, client: 172.20.0.1, server: api.kislap.test, request: "GET /api HTTP/1.1", upstream: "http://172.20.0.20:5000/api", host: "api.kislap.test"
2025/09/19 03:20:08 [error] 29#29: *39 connect() failed (111: Connection refused) while connecting to upstream, client: 172.20.0.1, server: api.kislap.test, request: "GET /favicon.ico HTTP/1.1", upstream: "http://172.20.0.20:5000/favicon.ico", host: "api.kislap.test", referrer: "http://api.kislap.test/api"
2025/09/19 03:22:41 [notice] 1#1: signal 3 (SIGQUIT) received, shutting down
2025/09/19 03:22:41 [notice] 29#29: gracefully shutting down
2025/09/19 03:22:41 [notice] 29#29: exiting
2025/09/19 03:22:41 [notice] 28#28: gracefully shutting down
2025/09/19 03:22:41 [notice] 30#30: gracefully shutting down
2025/09/19 03:22:41 [notice] 30#30: exiting
2025/09/19 03:22:41 [notice] 31#31: gracefully shutting down
2025/09/19 03:22:41 [notice] 28#28: exiting
2025/09/19 03:22:41 [notice] 29#29: exit
2025/09/19 03:22:41 [notice] 30#30: exit
2025/09/19 03:22:41 [notice] 31#31: exiting
2025/09/19 03:22:41 [notice] 28#28: exit
2025/09/19 03:22:41 [notice] 31#31: exit
2025/09/19 03:22:42 [notice] 1#1: signal 17 (SIGCHLD) received from 28
2025/09/19 03:22:42 [notice] 1#1: worker process 28 exited with code 0
2025/09/19 03:22:42 [notice] 1#1: signal 29 (SIGIO) received
2025/09/19 03:22:42 [notice] 1#1: signal 17 (SIGCHLD) received from 29
2025/09/19 03:22:42 [notice] 1#1: worker process 29 exited with code 0
2025/09/19 03:22:42 [notice] 1#1: worker process 30 exited with code 0
2025/09/19 03:22:42 [notice] 1#1: worker process 31 exited with code 0
2025/09/19 03:22:42 [notice] 1#1: exit
2025/09/19 08:25:54 [notice] 1#1: using the "epoll" event method
2025/09/19 08:25:54 [notice] 1#1: nginx/1.29.1
2025/09/19 08:25:54 [notice] 1#1: built by gcc 12.2.0 (Debian 12.2.0-14+deb12u1) 
2025/09/19 08:25:54 [notice] 1#1: OS: Linux 6.6.87.2-microsoft-standard-WSL2
2025/09/19 08:25:54 [notice] 1#1: getrlimit(RLIMIT_NOFILE): 1048576:1048576
2025/09/19 08:25:54 [notice] 1#1: start worker processes
2025/09/19 08:25:54 [notice] 1#1: start worker process 28
2025/09/19 08:25:54 [notice] 1#1: start worker process 29
2025/09/19 08:25:54 [notice] 1#1: start worker process 30
2025/09/19 08:25:54 [notice] 1#1: start worker process 31
2025/09/19 08:27:43 [notice] 1#1: signal 3 (SIGQUIT) received, shutting down
2025/09/19 08:27:43 [notice] 28#28: gracefully shutting down
2025/09/19 08:27:43 [notice] 28#28: exiting
2025/09/19 08:27:43 [notice] 29#29: gracefully shutting down
2025/09/19 08:27:43 [notice] 29#29: exiting
2025/09/19 08:27:43 [notice] 30#30: gracefully shutting down
2025/09/19 08:27:43 [notice] 31#31: gracefully shutting down
2025/09/19 08:27:43 [notice] 31#31: exiting
2025/09/19 08:27:43 [notice] 28#28: exit
2025/09/19 08:27:43 [notice] 29#29: exit
2025/09/19 08:27:43 [notice] 30#30: exiting
2025/09/19 08:27:43 [notice] 30#30: exit
2025/09/19 08:27:43 [notice] 31#31: exit
2025/09/19 08:27:43 [notice] 1#1: signal 17 (SIGCHLD) received from 29
2025/09/19 08:27:43 [notice] 1#1: worker process 29 exited with code 0
2025/09/19 08:27:43 [notice] 1#1: signal 29 (SIGIO) received
2025/09/19 08:27:43 [notice] 1#1: signal 17 (SIGCHLD) received from 31
2025/09/19 08:27:43 [notice] 1#1: worker process 28 exited with code 0
2025/09/19 08:27:43 [notice] 1#1: worker process 31 exited with code 0
2025/09/19 08:27:43 [notice] 1#1: signal 29 (SIGIO) received
2025/09/19 08:27:43 [notice] 1#1: signal 17 (SIGCHLD) received from 30
2025/09/19 08:27:43 [notice] 1#1: worker process 30 exited with code 0
2025/09/19 08:27:43 [notice] 1#1: exit
2025/09/19 08:28:50 [notice] 1#1: using the "epoll" event method
2025/09/19 08:28:50 [notice] 1#1: nginx/1.29.1
2025/09/19 08:28:50 [notice] 1#1: built by gcc 12.2.0 (Debian 12.2.0-14+deb12u1) 
2025/09/19 08:28:50 [notice] 1#1: OS: Linux 6.6.87.2-microsoft-standard-WSL2
2025/09/19 08:28:50 [notice] 1#1: getrlimit(RLIMIT_NOFILE): 1048576:1048576
2025/09/19 08:28:50 [notice] 1#1: start worker processes
2025/09/19 08:28:50 [notice] 1#1: start worker process 27
2025/09/19 08:28:50 [notice] 1#1: start worker process 28
2025/09/19 08:28:50 [notice] 1#1: start worker process 29
2025/09/19 08:28:50 [notice] 1#1: start worker process 30
2025/09/19 08:29:15 [notice] 1#1: signal 3 (SIGQUIT) received, shutting down
2025/09/19 08:29:15 [notice] 28#28: gracefully shutting down
2025/09/19 08:29:15 [notice] 27#27: gracefully shutting down
2025/09/19 08:29:15 [notice] 27#27: exiting
2025/09/19 08:29:15 [notice] 29#29: gracefully shutting down
2025/09/19 08:29:15 [notice] 29#29: exiting
2025/09/19 08:29:15 [notice] 30#30: gracefully shutting down
2025/09/19 08:29:15 [notice] 28#28: exiting
2025/09/19 08:29:15 [notice] 27#27: exit
2025/09/19 08:29:15 [notice] 29#29: exit
2025/09/19 08:29:15 [notice] 30#30: exiting
2025/09/19 08:29:15 [notice] 28#28: exit
2025/09/19 08:29:15 [notice] 30#30: exit
2025/09/19 08:29:16 [notice] 1#1: signal 17 (SIGCHLD) received from 27
2025/09/19 08:29:16 [notice] 1#1: worker process 27 exited with code 0
2025/09/19 08:29:16 [notice] 1#1: signal 29 (SIGIO) received
2025/09/19 08:29:16 [notice] 1#1: signal 17 (SIGCHLD) received from 29
2025/09/19 08:29:16 [notice] 1#1: worker process 29 exited with code 0
2025/09/19 08:29:16 [notice] 1#1: signal 29 (SIGIO) received
2025/09/19 08:29:16 [notice] 1#1: signal 17 (SIGCHLD) received from 28
2025/09/19 08:29:16 [notice] 1#1: worker process 28 exited with code 0
2025/09/19 08:29:16 [notice] 1#1: worker process 30 exited with code 0
2025/09/19 08:29:16 [notice] 1#1: exit
2025/09/19 08:35:23 [notice] 1#1: using the "epoll" event method
2025/09/19 08:35:23 [notice] 1#1: nginx/1.29.1
2025/09/19 08:35:23 [notice] 1#1: built by gcc 12.2.0 (Debian 12.2.0-14+deb12u1) 
2025/09/19 08:35:23 [notice] 1#1: OS: Linux 6.6.87.2-microsoft-standard-WSL2
2025/09/19 08:35:23 [notice] 1#1: getrlimit(RLIMIT_NOFILE): 1048576:1048576
2025/09/19 08:35:23 [notice] 1#1: start worker processes
2025/09/19 08:35:23 [notice] 1#1: start worker process 28
2025/09/19 08:35:23 [notice] 1#1: start worker process 29
2025/09/19 08:35:23 [notice] 1#1: start worker process 30
2025/09/19 08:35:23 [notice] 1#1: start worker process 31
2025/09/19 08:39:07 [notice] 1#1: signal 3 (SIGQUIT) received, shutting down
2025/09/19 08:39:07 [notice] 28#28: gracefully shutting down
2025/09/19 08:39:07 [notice] 29#29: gracefully shutting down
2025/09/19 08:39:07 [notice] 29#29: exiting
2025/09/19 08:39:07 [notice] 31#31: gracefully shutting down
2025/09/19 08:39:07 [notice] 31#31: exiting
2025/09/19 08:39:07 [notice] 30#30: gracefully shutting down
2025/09/19 08:39:07 [notice] 28#28: exiting
2025/09/19 08:39:07 [notice] 29#29: exit
2025/09/19 08:39:07 [notice] 31#31: exit
2025/09/19 08:39:07 [notice] 30#30: exiting
2025/09/19 08:39:07 [notice] 28#28: exit
2025/09/19 08:39:07 [notice] 30#30: exit
2025/09/19 08:39:07 [notice] 1#1: signal 17 (SIGCHLD) received from 31
2025/09/19 08:39:07 [notice] 1#1: worker process 30 exited with code 0
2025/09/19 08:39:07 [notice] 1#1: worker process 31 exited with code 0
2025/09/19 08:39:07 [notice] 1#1: signal 29 (SIGIO) received
2025/09/19 08:39:07 [notice] 1#1: signal 17 (SIGCHLD) received from 29
2025/09/19 08:39:07 [notice] 1#1: worker process 29 exited with code 0
2025/09/19 08:39:07 [notice] 1#1: worker process 28 exited with code 0
2025/09/19 08:39:07 [notice] 1#1: exit
2025/09/19 08:39:35 [notice] 1#1: using the "epoll" event method
2025/09/19 08:39:35 [notice] 1#1: nginx/1.29.1
2025/09/19 08:39:35 [notice] 1#1: built by gcc 12.2.0 (Debian 12.2.0-14+deb12u1) 
2025/09/19 08:39:35 [notice] 1#1: OS: Linux 6.6.87.2-microsoft-standard-WSL2
2025/09/19 08:39:35 [notice] 1#1: getrlimit(RLIMIT_NOFILE): 1048576:1048576
2025/09/19 08:39:35 [notice] 1#1: start worker processes
2025/09/19 08:39:35 [notice] 1#1: start worker process 28
2025/09/19 08:39:35 [notice] 1#1: start worker process 29
2025/09/19 08:39:35 [notice] 1#1: start worker process 30
2025/09/19 08:39:35 [notice] 1#1: start worker process 31
2025/09/19 08:41:55 [notice] 1#1: signal 3 (SIGQUIT) received, shutting down
2025/09/19 08:41:55 [notice] 28#28: gracefully shutting down
2025/09/19 08:41:55 [notice] 28#28: exiting
2025/09/19 08:41:55 [notice] 29#29: gracefully shutting down
2025/09/19 08:41:55 [notice] 29#29: exiting
2025/09/19 08:41:55 [notice] 30#30: gracefully shutting down
2025/09/19 08:41:55 [notice] 31#31: gracefully shutting down
2025/09/19 08:41:55 [notice] 28#28: exit
2025/09/19 08:41:55 [notice] 29#29: exit
2025/09/19 08:41:55 [notice] 30#30: exiting
2025/09/19 08:41:55 [notice] 31#31: exiting
2025/09/19 08:41:55 [notice] 30#30: exit
2025/09/19 08:41:55 [notice] 31#31: exit
2025/09/19 08:41:55 [notice] 1#1: signal 17 (SIGCHLD) received from 29
2025/09/19 08:41:55 [notice] 1#1: worker process 29 exited with code 0
2025/09/19 08:41:55 [notice] 1#1: worker process 30 exited with code 0
2025/09/19 08:41:55 [notice] 1#1: worker process 31 exited with code 0
2025/09/19 08:41:55 [notice] 1#1: signal 29 (SIGIO) received
2025/09/19 08:41:55 [notice] 1#1: signal 17 (SIGCHLD) received from 30
2025/09/19 08:41:55 [notice] 1#1: signal 17 (SIGCHLD) received from 28
2025/09/19 08:41:55 [notice] 1#1: worker process 28 exited with code 0
2025/09/19 08:41:55 [notice] 1#1: exit
2025/09/19 08:42:19 [notice] 1#1: using the "epoll" event method
2025/09/19 08:42:19 [notice] 1#1: nginx/1.29.1
2025/09/19 08:42:19 [notice] 1#1: built by gcc 12.2.0 (Debian 12.2.0-14+deb12u1) 
2025/09/19 08:42:19 [notice] 1#1: OS: Linux 6.6.87.2-microsoft-standard-WSL2
2025/09/19 08:42:19 [notice] 1#1: getrlimit(RLIMIT_NOFILE): 1048576:1048576
2025/09/19 08:42:19 [notice] 1#1: start worker processes
2025/09/19 08:42:19 [notice] 1#1: start worker process 27
2025/09/19 08:42:19 [notice] 1#1: start worker process 28
2025/09/19 08:42:19 [notice] 1#1: start worker process 29
2025/09/19 08:42:19 [notice] 1#1: start worker process 30
2025/09/19 09:20:45 [notice] 1#1: signal 3 (SIGQUIT) received, shutting down
2025/09/19 09:20:45 [notice] 27#27: gracefully shutting down
2025/09/19 09:20:45 [notice] 28#28: gracefully shutting down
2025/09/19 09:20:45 [notice] 28#28: exiting
2025/09/19 09:20:45 [notice] 29#29: gracefully shutting down
2025/09/19 09:20:45 [notice] 30#30: gracefully shutting down
2025/09/19 09:20:45 [notice] 29#29: exiting
2025/09/19 09:20:45 [notice] 27#27: exiting
2025/09/19 09:20:45 [notice] 29#29: exit
2025/09/19 09:20:45 [notice] 28#28: exit
2025/09/19 09:20:45 [notice] 30#30: exiting
2025/09/19 09:20:45 [notice] 27#27: exit
2025/09/19 09:20:45 [notice] 30#30: exit
2025/09/19 09:20:45 [notice] 1#1: signal 17 (SIGCHLD) received from 30
2025/09/19 09:20:45 [notice] 1#1: worker process 27 exited with code 0
2025/09/19 09:20:45 [notice] 1#1: worker process 28 exited with code 0
2025/09/19 09:20:45 [notice] 1#1: worker process 30 exited with code 0
2025/09/19 09:20:45 [notice] 1#1: signal 29 (SIGIO) received
2025/09/19 09:20:45 [notice] 1#1: signal 17 (SIGCHLD) received from 27
2025/09/19 09:20:45 [notice] 1#1: signal 17 (SIGCHLD) received from 29
2025/09/19 09:20:45 [notice] 1#1: worker process 29 exited with code 0
2025/09/19 09:20:45 [notice] 1#1: exit
2025/09/19 09:21:47 [notice] 1#1: using the "epoll" event method
2025/09/19 09:21:47 [notice] 1#1: nginx/1.29.1
2025/09/19 09:21:47 [notice] 1#1: built by gcc 12.2.0 (Debian 12.2.0-14+deb12u1) 
2025/09/19 09:21:47 [notice] 1#1: OS: Linux 6.6.87.2-microsoft-standard-WSL2
2025/09/19 09:21:47 [notice] 1#1: getrlimit(RLIMIT_NOFILE): 1048576:1048576
2025/09/19 09:21:47 [notice] 1#1: start worker processes
2025/09/19 09:21:47 [notice] 1#1: start worker process 28
2025/09/19 09:21:47 [notice] 1#1: start worker process 29
2025/09/19 09:21:47 [notice] 1#1: start worker process 30
2025/09/19 09:21:47 [notice] 1#1: start worker process 31
2025/09/19 09:22:09 [notice] 1#1: signal 3 (SIGQUIT) received, shutting down
2025/09/19 09:22:09 [notice] 28#28: gracefully shutting down
2025/09/19 09:22:09 [notice] 28#28: exiting
2025/09/19 09:22:09 [notice] 29#29: gracefully shutting down
2025/09/19 09:22:09 [notice] 29#29: exiting
2025/09/19 09:22:09 [notice] 31#31: gracefully shutting down
2025/09/19 09:22:09 [notice] 31#31: exiting
2025/09/19 09:22:09 [notice] 30#30: gracefully shutting down
2025/09/19 09:22:09 [notice] 30#30: exiting
2025/09/19 09:22:09 [notice] 28#28: exit
2025/09/19 09:22:09 [notice] 31#31: exit
2025/09/19 09:22:09 [notice] 29#29: exit
2025/09/19 09:22:09 [notice] 30#30: exit
2025/09/19 09:22:09 [notice] 1#1: signal 17 (SIGCHLD) received from 31
2025/09/19 09:22:09 [notice] 1#1: worker process 31 exited with code 0
2025/09/19 09:22:09 [notice] 1#1: signal 29 (SIGIO) received
2025/09/19 09:22:09 [notice] 1#1: signal 17 (SIGCHLD) received from 29
2025/09/19 09:22:09 [notice] 1#1: worker process 28 exited with code 0
2025/09/19 09:22:09 [notice] 1#1: worker process 29 exited with code 0
2025/09/19 09:22:09 [notice] 1#1: worker process 30 exited with code 0
2025/09/19 09:22:09 [notice] 1#1: exit
2025/09/19 09:23:38 [emerg] 1#1: host not found in upstream "kislap_sparkle" in /etc/nginx/conf.d/default.conf:6
2025/09/19 09:29:55 [emerg] 1#1: host not found in upstream "kislap_sparkle" in /etc/nginx/conf.d/default.conf:6
2025/09/19 09:51:51 [emerg] 1#1: host not found in upstream "kislap_sparkle" in /etc/nginx/conf.d/default.conf:6
2025/09/19 10:00:48 [emerg] 1#1: host not found in upstream "kislap_sparkle" in /etc/nginx/conf.d/default.conf:6
